QUERY: What is the module Advanced Machine Learning about?
HYPOTHETICAL: The module "Advanced Machine Learning" (Kurs: Fortgeschrittene Maschinelles Lernen) at the Technical University Hamburg Harbour and Engineering (TUHH) provides an in-depth exploration of advanced machine learning techniques, including deep learning, natural language processing, and reinforcement learning. Students will learn to apply these methods to real-world problems, such as computer vision, speech recognition, and predictive modeling, using a range of programming languages and tools. Through a combination of lectures, discussions, and project work, students will develop the skills and knowledge needed to design and implement complex machine learning systems in various domains.
--------------------------------------------------------------------------------
QUERY: How many credit points is the Advanced Machine Learning module worth?
HYPOTHETICAL: The Advanced Machine Learning module is worth 6 credit points and is part of the Master's programme in Computer Science at the Technical University Hamburg Harbour (TUHH). This module contributes to a total of 180 credit points required for completion of the Master's degree. The credit point value may be subject to change, so students are advised to check the current module description and course catalogue for the most up-to-date information.
--------------------------------------------------------------------------------
QUERY: What are the recommended prerequisites for Advanced Machine Learning?
HYPOTHETICAL: For the course "Advanced Machine Learning" (MA 311), prior knowledge of machine learning fundamentals is assumed, including experience with supervised and unsupervised learning algorithms, neural networks, and deep learning techniques. Students are expected to have a solid understanding of mathematical optimization methods, probability theory, and linear algebra, as well as programming skills in Python or R. Additionally, familiarity with data preprocessing, feature engineering, and model evaluation metrics is also recommended.
--------------------------------------------------------------------------------
QUERY: Who is responsible for the Advanced Machine Learning module at TUHH?
HYPOTHETICAL: The Advanced Machine Learning module at the Hamburg University of Technology (TUHH) is taught by the Department of Computer Science, which is part of the Faculty of Mathematics and Physics. The module is typically led by a team of lecturers from the department's research groups in machine learning and artificial intelligence. Students can expect to learn from experienced academics who are actively involved in research and industry applications in these areas.
--------------------------------------------------------------------------------
QUERY: What type of examination does the Advanced Machine Learning module use?
HYPOTHETICAL: The Advanced Machine Learning module at the Technical University Hamburg-Harburg (TUHH) employs a combination of written and practical assessments to evaluate student understanding. The written component consists of multiple-choice questions, short-answer questions, and essay-style responses, while the practical assessment involves completing machine learning projects or participating in group-based problem-solving exercises. A final oral examination may also be required, where students are expected to present their project work and defend their solutions against a panel of examiners.
--------------------------------------------------------------------------------
QUERY: What topics are taught in the Advanced Machine Learning lecture?
HYPOTHETICAL: In the Advanced Machine Learning lecture at the Technical University Hamburg Harbor (TUHH), students can expect to explore advanced topics such as deep learning architectures, transfer learning, and reinforcement learning. The course also covers specialized areas like natural language processing, computer vision, and generative models, providing a comprehensive understanding of modern machine learning techniques. Additionally, the lecture delves into the latest advancements in machine learning, including explainability methods, fairness and bias mitigation, and applications in real-world domains.
--------------------------------------------------------------------------------
QUERY: In which semester is the Advanced Machine Learning course offered?
HYPOTHETICAL: The Advanced Machine Learning course (MATH 312) is typically offered in the winter semester at the Technical University Hamburg Elbstrand (TUHH). The exact dates of the course may vary from year to year, but it usually takes place from mid-January to late April. Students are advised to check the official TUHH course catalog or contact the department for the most up-to-date information on the course schedule and availability.
--------------------------------------------------------------------------------
QUERY: Is Advanced Machine Learning compulsory for Data Science students?
HYPOTHETICAL: Advanced Machine Learning is not a compulsory course for Data Science students at the TUHH. However, it is highly recommended as part of the elective curriculum to provide students with in-depth knowledge and skills in machine learning techniques, which are increasingly becoming essential tools in data science applications. Students who choose to take Advanced Machine Learning will gain a deeper understanding of the theoretical foundations and practical implementation of machine learning algorithms, enhancing their overall data science capabilities.
--------------------------------------------------------------------------------
QUERY: Which TUHH programs include Advanced Machine Learning in their curriculum?
HYPOTHETICAL: The Technical University of Hamburg (TUHH) offers Advanced Machine Learning as part of its Master's program in Computer Science and Engineering (MSc CSE), which is also included in the curriculum for the Master's program in Data Science and Analytics (MSc DSA). Additionally, Advanced Machine Learning is a module within the Master's program in Artificial Intelligence and Robotics (MSc AIR) at TUHH. Furthermore, it is also part of the curriculum for the Master's program in Business Informatics (MSc BI), which focuses on applying machine learning techniques to business problems.
--------------------------------------------------------------------------------
QUERY: What is the workload for the Advanced Machine Learning module?
HYPOTHETICAL: The workload for the Advanced Machine Learning module at the Technical University Hamburg Harbour (TUHH) consists of a combination of lectures, seminars, and self-study components. Students can expect to spend approximately 10-15 hours per week on coursework, including reading assignments, group discussions, and individual project work. Additionally, students are required to complete a final project that accounts for around 20% of the overall module grade, demonstrating their ability to apply advanced machine learning concepts in a practical setting.
--------------------------------------------------------------------------------
QUERY: How many hours per week is the Advanced Machine Learning lecture?
HYPOTHETICAL: The Advanced Machine Learning lecture at the Technical University Hamburg Harbor (TUHH) meets twice a week, with each session lasting approximately 2 hours. The total weekly commitment for this course is therefore around 4 hours. Please note that the exact schedule and duration may be subject to change, and it's always best to check the official TUHH module handbook or contact the department directly for the most up-to-date information.
--------------------------------------------------------------------------------
QUERY: What is the difference between Core Qualification and Elective modules in the Data Science program?
HYPOTHETICAL: In the Data Science program at TUHH, Core Qualifications (Kernqualifikationen) are mandatory modules that provide foundational knowledge in data science fundamentals, including statistics, machine learning, and programming. In contrast, Elective Modules (Wahlfächer) allow students to specialize in specific areas of data science, such as natural language processing, computer vision, or data engineering, and can be tailored to their individual interests and career goals. By completing a combination of both Core Qualifications and Elective Modules, students can develop a comprehensive understanding of the field and prepare themselves for various careers in data science.
--------------------------------------------------------------------------------
QUERY: How many total credit points are needed to finish the Data Science master?
HYPOTHETICAL: For the Master's program in Data Science at the Technical University Hamburg Harbor (TUHH), students require a total of 120 credit points to complete the degree. This includes both core courses and elective modules, which must be completed within the standard duration of two years. The exact distribution of credits between core and elective components may vary depending on individual course selections.
--------------------------------------------------------------------------------
QUERY: I love mathematics and programming. What should I study at TUHH?
HYPOTHETICAL: For students who share your passion for mathematics and programming, the Department of Mathematics and Computer Science (Mathematik und Informatik) at TUHH offers a wide range of undergraduate and graduate programs that cater to these interests. The Bachelor's program in Mathematics and Informatics provides a solid foundation in both mathematical disciplines, while the Bachelor's program in Computer Science covers the theoretical foundations of computer science, including programming languages and algorithms. Additionally, the university also offers various Master's programs in related fields, such as Data Science or Artificial Intelligence, which can provide further specialization opportunities for students with a strong background in mathematics and programming.
--------------------------------------------------------------------------------
QUERY: I am interested in deep learning and neural networks. Which module covers that?
HYPOTHETICAL: For students with an interest in deep learning and neural networks, the "Deep Learning" module (Module 2.1) is recommended as part of the TUHH Master's program. This module provides a comprehensive introduction to the fundamental concepts, techniques, and applications of deep learning, including neural network architectures, training methods, and evaluation metrics. Additionally, students can also consider taking the "Machine Learning" module (Module 2.3), which covers more general machine learning topics, including supervised and unsupervised learning, linear models, and ensemble methods, providing a solid foundation for deeper exploration of deep learning concepts.
--------------------------------------------------------------------------------
QUERY: I want to understand Generative Adversarial Networks. What module should I take?
HYPOTHETICAL: To gain a comprehensive understanding of Generative Adversarial Networks (GANs), we recommend taking the "Deep Learning" module (Module 5) as part of your TUHH studies. This module provides an in-depth introduction to deep learning techniques, including GANs, and covers the theoretical foundations, architectures, and applications of this powerful machine learning approach. Additionally, the "Machine Learning" module (Module 4) also offers a solid foundation for understanding the underlying concepts of GANs, making it a valuable complement to the "Deep Learning" module.
--------------------------------------------------------------------------------
QUERY: I want to work in AI research after my master. What should I focus on at TUHH?
HYPOTHETICAL: To pursue a career in AI research after completing your Master's degree at TUHH, it is recommended to focus on acquiring a strong foundation in computer science and mathematics, particularly in areas such as machine learning, deep learning, and artificial intelligence theory. The university offers various courses and modules that cover these topics, including the "Artificial Intelligence" module, which provides an introduction to the fundamental concepts and techniques of AI research. Additionally, students can also benefit from participating in research projects, attending seminars and workshops, and networking with faculty members and researchers in the field to gain hands-on experience and stay updated on the latest developments in AI research.
--------------------------------------------------------------------------------
QUERY: I enjoy working in teams and group projects. Are there modules with teamwork?
HYPOTHETICAL: As a student at the Technical University Hamburg Harbor (TUHH), you will have numerous opportunities to develop your teamwork skills through various modules. The "Project Management" module, for example, requires students to work in groups to plan, execute, and evaluate complex projects, while the "International Project Management" module encourages collaboration with international partners. Additionally, many of our elective modules, such as "Business Process Management" and "Supply Chain Management", also involve group work and team-based learning.
--------------------------------------------------------------------------------
QUERY: I come from a physics background. Can I apply for the Data Science program?
HYPOTHETICAL: As a student with a physics background, you may be surprised to find that your analytical and problem-solving skills are highly transferable to data science. The TUHH's Data Science program is designed to equip students with the necessary tools and techniques to extract insights from complex data sets, making it an excellent fit for individuals with a strong foundation in physics. With a solid understanding of mathematical modeling, statistical analysis, and computational methods, you can leverage your existing knowledge to excel in this interdisciplinary field.
--------------------------------------------------------------------------------
QUERY: Which modules involve Python programming at TUHH?
HYPOTHETICAL: At the Hamburg University of Technology (TUHH), Python programming is an integral part of several modules across various disciplines. The Computer Science and Information Technology modules, such as "Software Engineering" and "Data Science", heavily rely on Python programming skills. Additionally, Python is also used in the "Business Informatics" module, particularly in courses related to data analysis and business intelligence.
--------------------------------------------------------------------------------
QUERY: Is the Advanced Machine Learning course taught in English or German?
HYPOTHETICAL: The Advanced Machine Learning course at the Technical University Hamburg (TUHH) is taught in both English and German. Students can choose to take the course in either language, depending on their proficiency level and personal preference. The course materials and lectures are available in both languages, with English being the primary language used for the more theoretical aspects of the course.
--------------------------------------------------------------------------------
QUERY: How long is the Master of Science Data Science program at TUHH?
HYPOTHETICAL: The Master of Science in Data Science (MSc DS) program at Technische Universität Hamburg Harburg (TUHH) typically takes one and a half years to complete. The program consists of 90 ECTS credits, divided into two semesters with a total of 30 weeks of lectures, seminars, and project work. Upon successful completion of the program, students are awarded the degree of Master of Science in Data Science.
--------------------------------------------------------------------------------
QUERY: What are the admission requirements for the Data Science master at TUHH?
HYPOTHETICAL: To be considered for admission to the Master's program in Data Science at the Technical University Hamburg Elbstrand (TUHH), applicants must hold a Bachelor's degree in a relevant field such as Computer Science, Mathematics, Statistics, or Engineering. Additionally, proficiency in English is required, with a minimum score of 6.5 in an IELTS test or 80 in a TOEFL test being the standard threshold for admission. A strong academic record, demonstrated through a GPA of at least 3.0, is also essential for consideration.
--------------------------------------------------------------------------------
QUERY: What literature is recommended for the Advanced Machine Learning module?
HYPOTHETICAL: For the Advanced Machine Learning module at the Technical University of Hamburg (TUHH), students are recommended to familiarize themselves with the following key texts:

- "Pattern Recognition and Machine Learning" by Christopher M. Bishop, which provides a comprehensive overview of machine learning algorithms and techniques.
- "Deep Learning" by Ian Goodfellow, Yoshua Bengio, and Aaron Courville, offering an in-depth exploration of deep learning methods and their applications.
- "Hands-On Machine Learning with Scikit-Learn, Keras, and TensorFlow" by Aurélien Géron, which offers practical guidance on implementing machine learning models using popular Python libraries.

These texts are considered essential reading for students aiming to develop a solid understanding of advanced machine learning concepts.
--------------------------------------------------------------------------------
QUERY: What is the difference between Data Science and Computer Science programs at TUHH?
HYPOTHETICAL: At the Technical University Hamburg Elbstrand (TUHH), both the Data Science and Computer Science programs share a common foundation in mathematics, statistics, and computer science. However, the Data Science program places greater emphasis on interdisciplinary approaches, incorporating methods from fields such as data engineering, business analytics, and domain-specific knowledge to extract insights from complex data sets. In contrast, the Computer Science program focuses more on theoretical foundations, algorithmic techniques, and software development, providing students with a deeper understanding of computer systems, programming languages, and software engineering methodologies.
--------------------------------------------------------------------------------
QUERY: Which programs at TUHH share the Advanced Machine Learning module?
HYPOTHETICAL: The Advanced Machine Learning module is shared by the Master's programs in Data Science and Artificial Intelligence (MSc DA), as well as the Master's program in Computer Science with a specialization in Artificial Intelligence (MSc AI). Additionally, students from the Master's program in Business Analytics and Data Science (MSc BADS) also have access to this module. The Advanced Machine Learning module is not part of the standard curriculum for other Master's programs at TUHH.
--------------------------------------------------------------------------------
QUERY: Which TUHH programs involve machine learning?
HYPOTHETICAL: The Technical University of Hamburg (TUHH) offers various programs that incorporate machine learning as part of their curriculum. The Master's program in Computer Science and Engineering, for example, includes courses on machine learning and artificial intelligence, while the Bachelor's program in Information Technology also covers topics such as data mining and predictive modeling. Additionally, some specializations within these programs, like the Data Science specialization, provide more in-depth training in machine learning techniques and their applications.
--------------------------------------------------------------------------------
QUERY: What skills will I have after completing the Data Science master?
HYPOTHETICAL: Upon completion of the Data Science master's program at TUHH, you can expect to possess a strong foundation in data analysis, machine learning, and statistical modeling, as well as expertise in programming languages such as Python, R, and SQL. Additionally, graduates will have developed skills in data visualization, data mining, and big data processing, allowing them to extract insights from complex datasets. With this comprehensive skill set, you will be well-equipped to pursue a career in various industries, including finance, healthcare, marketing, and research, or continue on to further academic pursuits.
--------------------------------------------------------------------------------
QUERY: I want to combine engineering with advanced mathematics. What do you recommend?
HYPOTHETICAL: For students interested in combining engineering with advanced mathematics, we recommend pursuing a degree in Mathematics or Physics with a focus on Applied Mathematics or Theoretical Physics. This will provide a strong foundation in mathematical techniques and problem-solving skills, which can be applied to various fields of engineering, such as mechanical engineering, electrical engineering, or aerospace engineering. Additionally, the TUHH offers a range of interdisciplinary programs, including the Master's program in Mathematical Engineering, which combines advanced mathematics with engineering principles.
--------------------------------------------------------------------------------
QUERY: Are there modules compulsory across multiple TUHH master programs?
HYPOTHETICAL: For some Master's programs at the Hamburg University of Technology (TUHH), certain modules are compulsory and must be completed by all students in those specific programs. However, not all Master's programs at TUHH have compulsory modules, and students may choose to take elective courses instead. The specific module requirements vary across different Master's programs at TUHH, and it is essential for students to check the program-specific module handbook or consult with their academic advisor to determine the exact module requirements for their chosen program.
--------------------------------------------------------------------------------
QUERY: What is the module Advanced Machine Learning about?
HYPOTHETICAL: The module "Advanced Machine Learning" (Kurs: Fortgeschrittene Maschinelles Lernen) at the Technical University Hamburg Harbour and Engineering (TUHH) provides an in-depth exploration of advanced machine learning techniques, including deep learning, natural language processing, and reinforcement learning. Students will learn to apply these methods to real-world problems, such as computer vision, speech recognition, and predictive modeling, using a range of programming languages and tools. Through a combination of lectures, discussions, and project work, students will develop the skills and knowledge needed to design and implement complex machine learning systems in various domains.
--------------------------------------------------------------------------------
QUERY: How many credit points is the Advanced Machine Learning module worth?
HYPOTHETICAL: The Advanced Machine Learning module is worth 6 credit points and is part of the Master's programme in Computer Science at the Technical University Hamburg Harbour (TUHH). This module contributes to a total of 180 credit points required for completion of the Master's degree. The credit point value may be subject to change, so students are advised to check the current module description and course catalogue for the most up-to-date information.
--------------------------------------------------------------------------------
QUERY: What are the recommended prerequisites for Advanced Machine Learning?
HYPOTHETICAL: For the course "Advanced Machine Learning" (MA 311), prior knowledge of machine learning fundamentals is assumed, including experience with supervised and unsupervised learning algorithms, neural networks, and deep learning techniques. Students are expected to have a solid understanding of mathematical optimization methods, probability theory, and linear algebra, as well as programming skills in Python or R. Additionally, familiarity with data preprocessing, feature engineering, and model evaluation metrics is also recommended.
--------------------------------------------------------------------------------
QUERY: Who is responsible for the Advanced Machine Learning module at TUHH?
HYPOTHETICAL: The Advanced Machine Learning module at the Hamburg University of Technology (TUHH) is taught by the Department of Computer Science, which is part of the Faculty of Mathematics and Physics. The module is typically led by a team of lecturers from the department's research groups in machine learning and artificial intelligence. Students can expect to learn from experienced academics who are actively involved in research and industry applications in these areas.
--------------------------------------------------------------------------------
QUERY: What type of examination does the Advanced Machine Learning module use?
HYPOTHETICAL: The Advanced Machine Learning module at the Technical University Hamburg-Harburg (TUHH) employs a combination of written and practical assessments to evaluate student understanding. The written component consists of multiple-choice questions, short-answer questions, and essay-style responses, while the practical assessment involves completing machine learning projects or participating in group-based problem-solving exercises. A final oral examination may also be required, where students are expected to present their project work and defend their solutions against a panel of examiners.
--------------------------------------------------------------------------------
QUERY: What topics are taught in the Advanced Machine Learning lecture?
HYPOTHETICAL: In the Advanced Machine Learning lecture at the Technical University Hamburg Harbor (TUHH), students can expect to explore advanced topics such as deep learning architectures, transfer learning, and reinforcement learning. The course also covers specialized areas like natural language processing, computer vision, and generative models, providing a comprehensive understanding of modern machine learning techniques. Additionally, the lecture delves into the latest advancements in machine learning, including explainability methods, fairness and bias mitigation, and applications in real-world domains.
--------------------------------------------------------------------------------
QUERY: In which semester is the Advanced Machine Learning course offered?
HYPOTHETICAL: The Advanced Machine Learning course (MATH 312) is typically offered in the winter semester at the Technical University Hamburg Elbstrand (TUHH). The exact dates of the course may vary from year to year, but it usually takes place from mid-January to late April. Students are advised to check the official TUHH course catalog or contact the department for the most up-to-date information on the course schedule and availability.
--------------------------------------------------------------------------------
QUERY: Is Advanced Machine Learning compulsory for Data Science students?
HYPOTHETICAL: Advanced Machine Learning is not a compulsory course for Data Science students at the TUHH. However, it is highly recommended as part of the elective curriculum to provide students with in-depth knowledge and skills in machine learning techniques, which are increasingly becoming essential tools in data science applications. Students who choose to take Advanced Machine Learning will gain a deeper understanding of the theoretical foundations and practical implementation of machine learning algorithms, enhancing their overall data science capabilities.
--------------------------------------------------------------------------------
QUERY: Which TUHH programs include Advanced Machine Learning in their curriculum?
HYPOTHETICAL: The Technical University of Hamburg (TUHH) offers Advanced Machine Learning as part of its Master's program in Computer Science and Engineering (MSc CSE), which is also included in the curriculum for the Master's program in Data Science and Analytics (MSc DSA). Additionally, Advanced Machine Learning is a module within the Master's program in Artificial Intelligence and Robotics (MSc AIR) at TUHH. Furthermore, it is also part of the curriculum for the Master's program in Business Informatics (MSc BI), which focuses on applying machine learning techniques to business problems.
--------------------------------------------------------------------------------
QUERY: What is the workload for the Advanced Machine Learning module?
HYPOTHETICAL: The workload for the Advanced Machine Learning module at the Technical University Hamburg Harbour (TUHH) consists of a combination of lectures, seminars, and self-study components. Students can expect to spend approximately 10-15 hours per week on coursework, including reading assignments, group discussions, and individual project work. Additionally, students are required to complete a final project that accounts for around 20% of the overall module grade, demonstrating their ability to apply advanced machine learning concepts in a practical setting.
--------------------------------------------------------------------------------
QUERY: How many hours per week is the Advanced Machine Learning lecture?
HYPOTHETICAL: The Advanced Machine Learning lecture at the Technical University Hamburg Harbor (TUHH) meets twice a week, with each session lasting approximately 2 hours. The total weekly commitment for this course is therefore around 4 hours. Please note that the exact schedule and duration may be subject to change, and it's always best to check the official TUHH module handbook or contact the department directly for the most up-to-date information.
--------------------------------------------------------------------------------
QUERY: What is the difference between Core Qualification and Elective modules in the Data Science program?
HYPOTHETICAL: In the Data Science program at TUHH, Core Qualifications (Kernqualifikationen) are mandatory modules that provide foundational knowledge in data science fundamentals, including statistics, machine learning, and programming. In contrast, Elective Modules (Wahlfächer) allow students to specialize in specific areas of data science, such as natural language processing, computer vision, or data engineering, and can be tailored to their individual interests and career goals. By completing a combination of both Core Qualifications and Elective Modules, students can develop a comprehensive understanding of the field and prepare themselves for various careers in data science.
--------------------------------------------------------------------------------
QUERY: How many total credit points are needed to finish the Data Science master?
HYPOTHETICAL: For the Master's program in Data Science at the Technical University Hamburg Harbor (TUHH), students require a total of 120 credit points to complete the degree. This includes both core courses and elective modules, which must be completed within the standard duration of two years. The exact distribution of credits between core and elective components may vary depending on individual course selections.
--------------------------------------------------------------------------------
QUERY: I love mathematics and programming. What should I study at TUHH?
HYPOTHETICAL: For students who share your passion for mathematics and programming, the Department of Mathematics and Computer Science (Mathematik und Informatik) at TUHH offers a wide range of undergraduate and graduate programs that cater to these interests. The Bachelor's program in Mathematics and Informatics provides a solid foundation in both mathematical disciplines, while the Bachelor's program in Computer Science covers the theoretical foundations of computer science, including programming languages and algorithms. Additionally, the university also offers various Master's programs in related fields, such as Data Science or Artificial Intelligence, which can provide further specialization opportunities for students with a strong background in mathematics and programming.
--------------------------------------------------------------------------------
QUERY: I am interested in deep learning and neural networks. Which module covers that?
HYPOTHETICAL: For students with an interest in deep learning and neural networks, the "Deep Learning" module (Module 2.1) is recommended as part of the TUHH Master's program. This module provides a comprehensive introduction to the fundamental concepts, techniques, and applications of deep learning, including neural network architectures, training methods, and evaluation metrics. Additionally, students can also consider taking the "Machine Learning" module (Module 2.3), which covers more general machine learning topics, including supervised and unsupervised learning, linear models, and ensemble methods, providing a solid foundation for deeper exploration of deep learning concepts.
--------------------------------------------------------------------------------
QUERY: I want to understand Generative Adversarial Networks. What module should I take?
HYPOTHETICAL: To gain a comprehensive understanding of Generative Adversarial Networks (GANs), we recommend taking the "Deep Learning" module (Module 5) as part of your TUHH studies. This module provides an in-depth introduction to deep learning techniques, including GANs, and covers the theoretical foundations, architectures, and applications of this powerful machine learning approach. Additionally, the "Machine Learning" module (Module 4) also offers a solid foundation for understanding the underlying concepts of GANs, making it a valuable complement to the "Deep Learning" module.
--------------------------------------------------------------------------------
QUERY: I want to work in AI research after my master. What should I focus on at TUHH?
HYPOTHETICAL: To pursue a career in AI research after completing your Master's degree at TUHH, it is recommended to focus on acquiring a strong foundation in computer science and mathematics, particularly in areas such as machine learning, deep learning, and artificial intelligence theory. The university offers various courses and modules that cover these topics, including the "Artificial Intelligence" module, which provides an introduction to the fundamental concepts and techniques of AI research. Additionally, students can also benefit from participating in research projects, attending seminars and workshops, and networking with faculty members and researchers in the field to gain hands-on experience and stay updated on the latest developments in AI research.
--------------------------------------------------------------------------------
QUERY: I enjoy working in teams and group projects. Are there modules with teamwork?
HYPOTHETICAL: As a student at the Technical University Hamburg Harbor (TUHH), you will have numerous opportunities to develop your teamwork skills through various modules. The "Project Management" module, for example, requires students to work in groups to plan, execute, and evaluate complex projects, while the "International Project Management" module encourages collaboration with international partners. Additionally, many of our elective modules, such as "Business Process Management" and "Supply Chain Management", also involve group work and team-based learning.
--------------------------------------------------------------------------------
QUERY: I come from a physics background. Can I apply for the Data Science program?
HYPOTHETICAL: As a student with a physics background, you may be surprised to find that your analytical and problem-solving skills are highly transferable to data science. The TUHH's Data Science program is designed to equip students with the necessary tools and techniques to extract insights from complex data sets, making it an excellent fit for individuals with a strong foundation in physics. With a solid understanding of mathematical modeling, statistical analysis, and computational methods, you can leverage your existing knowledge to excel in this interdisciplinary field.
--------------------------------------------------------------------------------
QUERY: Which modules involve Python programming at TUHH?
HYPOTHETICAL: At the Hamburg University of Technology (TUHH), Python programming is an integral part of several modules across various disciplines. The Computer Science and Information Technology modules, such as "Software Engineering" and "Data Science", heavily rely on Python programming skills. Additionally, Python is also used in the "Business Informatics" module, particularly in courses related to data analysis and business intelligence.
--------------------------------------------------------------------------------
QUERY: Is the Advanced Machine Learning course taught in English or German?
HYPOTHETICAL: The Advanced Machine Learning course at the Technical University Hamburg (TUHH) is taught in both English and German. Students can choose to take the course in either language, depending on their proficiency level and personal preference. The course materials and lectures are available in both languages, with English being the primary language used for the more theoretical aspects of the course.
--------------------------------------------------------------------------------
QUERY: How long is the Master of Science Data Science program at TUHH?
HYPOTHETICAL: The Master of Science in Data Science (MSc DS) program at Technische Universität Hamburg Harburg (TUHH) typically takes one and a half years to complete. The program consists of 90 ECTS credits, divided into two semesters with a total of 30 weeks of lectures, seminars, and project work. Upon successful completion of the program, students are awarded the degree of Master of Science in Data Science.
--------------------------------------------------------------------------------
QUERY: What are the admission requirements for the Data Science master at TUHH?
HYPOTHETICAL: To be considered for admission to the Master's program in Data Science at the Technical University Hamburg Elbstrand (TUHH), applicants must hold a Bachelor's degree in a relevant field such as Computer Science, Mathematics, Statistics, or Engineering. Additionally, proficiency in English is required, with a minimum score of 6.5 in an IELTS test or 80 in a TOEFL test being the standard threshold for admission. A strong academic record, demonstrated through a GPA of at least 3.0, is also essential for consideration.
--------------------------------------------------------------------------------
QUERY: What literature is recommended for the Advanced Machine Learning module?
HYPOTHETICAL: For the Advanced Machine Learning module at the Technical University of Hamburg (TUHH), students are recommended to familiarize themselves with the following key texts:

- "Pattern Recognition and Machine Learning" by Christopher M. Bishop, which provides a comprehensive overview of machine learning algorithms and techniques.
- "Deep Learning" by Ian Goodfellow, Yoshua Bengio, and Aaron Courville, offering an in-depth exploration of deep learning methods and their applications.
- "Hands-On Machine Learning with Scikit-Learn, Keras, and TensorFlow" by Aurélien Géron, which offers practical guidance on implementing machine learning models using popular Python libraries.

These texts are considered essential reading for students aiming to develop a solid understanding of advanced machine learning concepts.
--------------------------------------------------------------------------------
QUERY: What is the difference between Data Science and Computer Science programs at TUHH?
HYPOTHETICAL: At the Technical University Hamburg Elbstrand (TUHH), both the Data Science and Computer Science programs share a common foundation in mathematics, statistics, and computer science. However, the Data Science program places greater emphasis on interdisciplinary approaches, incorporating methods from fields such as data engineering, business analytics, and domain-specific knowledge to extract insights from complex data sets. In contrast, the Computer Science program focuses more on theoretical foundations, algorithmic techniques, and software development, providing students with a deeper understanding of computer systems, programming languages, and software engineering methodologies.
--------------------------------------------------------------------------------
QUERY: Which programs at TUHH share the Advanced Machine Learning module?
HYPOTHETICAL: The Advanced Machine Learning module is shared by the Master's programs in Data Science and Artificial Intelligence (MSc DA), as well as the Master's program in Computer Science with a specialization in Artificial Intelligence (MSc AI). Additionally, students from the Master's program in Business Analytics and Data Science (MSc BADS) also have access to this module. The Advanced Machine Learning module is not part of the standard curriculum for other Master's programs at TUHH.
--------------------------------------------------------------------------------
QUERY: Which TUHH programs involve machine learning?
HYPOTHETICAL: The Technical University of Hamburg (TUHH) offers various programs that incorporate machine learning as part of their curriculum. The Master's program in Computer Science and Engineering, for example, includes courses on machine learning and artificial intelligence, while the Bachelor's program in Information Technology also covers topics such as data mining and predictive modeling. Additionally, some specializations within these programs, like the Data Science specialization, provide more in-depth training in machine learning techniques and their applications.
--------------------------------------------------------------------------------
QUERY: What skills will I have after completing the Data Science master?
HYPOTHETICAL: Upon completion of the Data Science master's program at TUHH, you can expect to possess a strong foundation in data analysis, machine learning, and statistical modeling, as well as expertise in programming languages such as Python, R, and SQL. Additionally, graduates will have developed skills in data visualization, data mining, and big data processing, allowing them to extract insights from complex datasets. With this comprehensive skill set, you will be well-equipped to pursue a career in various industries, including finance, healthcare, marketing, and research, or continue on to further academic pursuits.
--------------------------------------------------------------------------------
QUERY: I want to combine engineering with advanced mathematics. What do you recommend?
HYPOTHETICAL: For students interested in combining engineering with advanced mathematics, we recommend pursuing a degree in Mathematics or Physics with a focus on Applied Mathematics or Theoretical Physics. This will provide a strong foundation in mathematical techniques and problem-solving skills, which can be applied to various fields of engineering, such as mechanical engineering, electrical engineering, or aerospace engineering. Additionally, the TUHH offers a range of interdisciplinary programs, including the Master's program in Mathematical Engineering, which combines advanced mathematics with engineering principles.
--------------------------------------------------------------------------------
QUERY: Are there modules compulsory across multiple TUHH master programs?
HYPOTHETICAL: For some Master's programs at the Hamburg University of Technology (TUHH), certain modules are compulsory and must be completed by all students in those specific programs. However, not all Master's programs at TUHH have compulsory modules, and students may choose to take elective courses instead. The specific module requirements vary across different Master's programs at TUHH, and it is essential for students to check the program-specific module handbook or consult with their academic advisor to determine the exact module requirements for their chosen program.
--------------------------------------------------------------------------------
